0 info it worked if it ends with ok
1 verbose cli [ '/usr/local/Cellar/node/8.9.0/bin/node',
1 verbose cli   '/Users/rmarganti/npm/bin/npm',
1 verbose cli   'publish',
1 verbose cli   '--tag',
1 verbose cli   'next' ]
2 info using npm@3.10.6
3 info using node@v8.9.0
4 verbose publish [ '.' ]
5 silly cache add args [ '.', null ]
6 verbose cache add spec .
7 silly cache add parsed spec Result {
7 silly cache add   raw: '.',
7 silly cache add   scope: null,
7 silly cache add   escapedName: null,
7 silly cache add   name: null,
7 silly cache add   rawSpec: '.',
7 silly cache add   spec: '/Users/rmarganti/code/_packages/ts-json-api-dev/packages/ts-json-api',
7 silly cache add   type: 'directory' }
8 verbose addLocalDirectory /Users/rmarganti/.npm/ts-json-api/0.2.0-beta/package.tgz not in flight; packing
9 verbose correctMkdir /Users/rmarganti/.npm correctMkdir not in flight; initializing
10 info lifecycle ts-json-api@0.2.0-beta~prepublish: ts-json-api@0.2.0-beta
11 silly lifecycle ts-json-api@0.2.0-beta~prepublish: no script for prepublish, continuing
12 verbose tar pack [ '/Users/rmarganti/.npm/ts-json-api/0.2.0-beta/package.tgz',
12 verbose tar pack   '/Users/rmarganti/code/_packages/ts-json-api-dev/packages/ts-json-api' ]
13 verbose tarball /Users/rmarganti/.npm/ts-json-api/0.2.0-beta/package.tgz
14 verbose folder /Users/rmarganti/code/_packages/ts-json-api-dev/packages/ts-json-api
15 verbose addLocalTarball adding from inside cache /Users/rmarganti/.npm/ts-json-api/0.2.0-beta/package.tgz
16 verbose correctMkdir /Users/rmarganti/.npm correctMkdir not in flight; initializing
17 silly cache afterAdd ts-json-api@0.2.0-beta
18 verbose afterAdd /Users/rmarganti/.npm/ts-json-api/0.2.0-beta/package/package.json not in flight; writing
19 verbose correctMkdir /Users/rmarganti/.npm correctMkdir not in flight; initializing
20 verbose afterAdd /Users/rmarganti/.npm/ts-json-api/0.2.0-beta/package/package.json written
21 silly publish { name: 'ts-json-api',
21 silly publish   version: '0.2.0-beta',
21 silly publish   license: 'MIT',
21 silly publish   description: 'Typescript definitions for jsonapi.org schema',
21 silly publish   author: { name: 'Ryan Marganti', email: 'ryanmarganti@soulsizzle.com' },
21 silly publish   main: './dist/ts-json-api.js',
21 silly publish   types: 'index.d.ts',
21 silly publish   scripts: { build: 'rimraf ./dist && tsc', test: 'jest' },
21 silly publish   devDependencies:
21 silly publish    { '@types/jest': '^21.1.6',
21 silly publish      '@types/node': '^8.0.53',
21 silly publish      '@types/ramda': '^0.25.6',
21 silly publish      jest: '^21.2.1',
21 silly publish      rimraf: '^2.6.2',
21 silly publish      'ts-jest': '^21.2.3',
21 silly publish      tslint: '^5.8.0',
21 silly publish      typescript: '^2.6.1' },
21 silly publish   jest:
21 silly publish    { transform: { '.(ts|tsx)': '<rootDir>/__tests__/preprocessor.js' },
21 silly publish      testRegex: '(\\.(test|spec))\\.(ts|tsx|js)$',
21 silly publish      moduleFileExtensions: [ 'ts', 'tsx', 'js', 'json' ] },
21 silly publish   dependencies: { ramda: '^0.25.0' },
21 silly publish   readme: '# ts-json-api\n\nA collection of interfaces for working with [JSONAPI.org](http://jsonapi.org/)-standard requests/responses.\n\n## TODO:\n* Documentation\n',
21 silly publish   readmeFilename: 'README.md',
21 silly publish   gitHead: 'e98912031a564070db38e555c45360abae515b0b',
21 silly publish   _id: 'ts-json-api@0.2.0-beta',
21 silly publish   _shasum: 'c12eecf1bf10ca44769a076f367700bded3b7b81',
21 silly publish   _from: '.' }
22 verbose getPublishConfig undefined
23 silly mapToRegistry name ts-json-api
24 silly mapToRegistry using default registry
25 silly mapToRegistry registry https://registry.npmjs.org/
26 silly mapToRegistry data Result {
26 silly mapToRegistry   raw: 'ts-json-api',
26 silly mapToRegistry   scope: null,
26 silly mapToRegistry   escapedName: 'ts-json-api',
26 silly mapToRegistry   name: 'ts-json-api',
26 silly mapToRegistry   rawSpec: '',
26 silly mapToRegistry   spec: 'latest',
26 silly mapToRegistry   type: 'tag' }
27 silly mapToRegistry uri https://registry.npmjs.org/ts-json-api
28 verbose publish registryBase https://registry.npmjs.org/
29 silly publish uploading /Users/rmarganti/.npm/ts-json-api/0.2.0-beta/package.tgz
30 verbose request uri https://registry.npmjs.org/ts-json-api
31 verbose request sending authorization for write operation
32 info attempt registry request try #1 at 9:12:46 AM
33 verbose request using bearer token for auth
34 verbose request id 7bde63e884c0d7a2
35 http request PUT https://registry.npmjs.org/ts-json-api
36 http 403 https://registry.npmjs.org/ts-json-api
37 verbose headers { 'content-type': 'application/json',
37 verbose headers   'cache-control': 'max-age=300',
37 verbose headers   'content-length': '96',
37 verbose headers   'accept-ranges': 'bytes',
37 verbose headers   date: 'Thu, 07 Dec 2017 14:12:45 GMT',
37 verbose headers   via: '1.1 varnish',
37 verbose headers   connection: 'keep-alive',
37 verbose headers   'x-served-by': 'cache-dca17736-DCA',
37 verbose headers   'x-cache': 'MISS',
37 verbose headers   'x-cache-hits': '0',
37 verbose headers   'x-timer': 'S1512655965.571473,VS0,VE1163',
37 verbose headers   vary: 'Accept-Encoding, Accept' }
38 verbose request invalidating /Users/rmarganti/.npm/registry.npmjs.org/ts-json-api on PUT
39 error publish Failed PUT 403
40 verbose stack Error: You cannot publish over the previously published version 0.2.0-beta. : ts-json-api
40 verbose stack     at makeError (/Users/rmarganti/npm/lib/node_modules/npm/node_modules/npm-registry-client/lib/request.js:264:12)
40 verbose stack     at CachingRegistryClient.<anonymous> (/Users/rmarganti/npm/lib/node_modules/npm/node_modules/npm-registry-client/lib/request.js:252:14)
40 verbose stack     at Request._callback (/Users/rmarganti/npm/lib/node_modules/npm/node_modules/npm-registry-client/lib/request.js:172:14)
40 verbose stack     at Request.self.callback (/Users/rmarganti/npm/lib/node_modules/npm/node_modules/request/request.js:200:22)
40 verbose stack     at emitTwo (events.js:126:13)
40 verbose stack     at Request.emit (events.js:214:7)
40 verbose stack     at Request.<anonymous> (/Users/rmarganti/npm/lib/node_modules/npm/node_modules/request/request.js:1067:10)
40 verbose stack     at emitOne (events.js:121:20)
40 verbose stack     at Request.emit (events.js:211:7)
40 verbose stack     at IncomingMessage.<anonymous> (/Users/rmarganti/npm/lib/node_modules/npm/node_modules/request/request.js:988:12)
41 verbose statusCode 403
42 verbose pkgid ts-json-api
43 verbose cwd /Users/rmarganti/code/_packages/ts-json-api-dev/packages/ts-json-api
44 error Darwin 15.6.0
45 error argv "/usr/local/Cellar/node/8.9.0/bin/node" "/Users/rmarganti/npm/bin/npm" "publish" "--tag" "next"
46 error node v8.9.0
47 error npm  v3.10.6
48 error code E403
49 error You cannot publish over the previously published version 0.2.0-beta. : ts-json-api
50 error If you need help, you may report this error at:
50 error     <https://github.com/npm/npm/issues>
51 verbose exit [ 1, true ]
